android/app/build/intermediates/manifest_merge_blame_file/debug/manifest-merger-blame-debug-report.txt
1<?xml version="1.0" encoding="utf-8"?>
2<manifest xmlns:android="http://schemas.android.com/apk/res/android"
3    package="com.mobileapp"
4    android:versionCode="1"
5    android:versionName="1.0" >
6
7    <uses-sdk
8        android:minSdkVersion="21"
9        android:targetSdkVersion="31" />
10
11    <uses-permission android:name="android.permission.SYSTEM_ALERT_WINDOW" />
11-->src\debug\AndroidManifest.xml:5:5-78
11-->src\debug\AndroidManifest.xml:5:22-75
12
13    <!-- Start bluetooth permissions -->
14    <uses-permission
14-->src\main\AndroidManifest.xml:7:3-66
15        android:name="android.permission.BLUETOOTH"
15-->src\main\AndroidManifest.xml:7:20-63
16        android:maxSdkVersion="30"
16-->[:react-native-kontaktio] AndroidManifest.xml:18:9-35
17        android:required="true" />
17-->src\debug\AndroidManifest.xml:9:66-89
18    <uses-permission
18-->src\main\AndroidManifest.xml:8:3-72
19        android:name="android.permission.BLUETOOTH_ADMIN"
19-->src\main\AndroidManifest.xml:8:20-69
20        android:maxSdkVersion="30"
20-->[:react-native-kontaktio] AndroidManifest.xml:24:9-35
21        android:required="true" />
21-->src\debug\AndroidManifest.xml:10:72-95
22
23    <uses-permission-sdk-23
23-->src\main\AndroidManifest.xml:9:3-84
24        android:name="android.permission.ACCESS_FINE_LOCATION"
24-->src\main\AndroidManifest.xml:9:27-81
25        android:required="true" />
25-->src\debug\AndroidManifest.xml:12:9-32
26
27    <uses-permission
27-->src\debug\AndroidManifest.xml:13:5-14:35
28        android:name="android.permission.ACCESS_COARSE_LOCATION"
28-->src\debug\AndroidManifest.xml:13:22-78
29        android:required="true" />
29-->src\debug\AndroidManifest.xml:14:9-32
30
31    <!--
32    Add this line if your application always requires BLE. More info can be found on:
33    https://developer.android.com/guide/topics/connectivity/bluetooth-le.html#permissions
34    -->
35    <uses-feature
35-->src\main\AndroidManifest.xml:10:3-88
36        android:name="android.hardware.bluetooth_le"
36-->src\main\AndroidManifest.xml:10:17-61
37        android:required="true" />
37-->src\main\AndroidManifest.xml:10:62-85
38
39    <uses-permission android:name="android.permission.INTERNET" />
39-->src\main\AndroidManifest.xml:4:3-65
39-->src\main\AndroidManifest.xml:4:20-62
40    <uses-permission android:name="android.permission.ACCESS_WIFI_STATE" />
40-->[com.facebook.flipper:flipper:0.125.0] AndroidManifest.xml:16:5-76
40-->[com.facebook.flipper:flipper:0.125.0] AndroidManifest.xml:16:22-73
41    <uses-permission android:name="android.permission.BLUETOOTH_SCAN" />
41-->[:react-native-kontaktio] AndroidManifest.xml:19:5-73
41-->[:react-native-kontaktio] AndroidManifest.xml:19:22-70
42    <uses-permission android:name="android.permission.BLUETOOTH_CONNECT" /> <!-- Communicating with the Kontakt.io Proximity REST API -->
42-->[:react-native-kontaktio] AndroidManifest.xml:20:5-76
42-->[:react-native-kontaktio] AndroidManifest.xml:20:22-73
43    <!-- <uses-permission android:name="android.permission.INTERNET" /> -->
44    <uses-permission android:name="android.permission.ACCESS_NETWORK_STATE" /> <!-- Required to access Google Play Licensing -->
44-->[:react-native-kontaktio] AndroidManifest.xml:27:5-79
44-->[:react-native-kontaktio] AndroidManifest.xml:27:22-76
45    <uses-permission android:name="com.android.vending.CHECK_LICENSE" />
45-->[:rn-fetch-blob] AndroidManifest.xml:10:5-73
45-->[:rn-fetch-blob] AndroidManifest.xml:10:22-70
46    <!--
47         Required to keep CPU alive while downloading files
48        (NOT to keep screen awake)
49    -->
50    <uses-permission android:name="android.permission.WAKE_LOCK" /> <!-- Required to read and write the expansion files on shared storage -->
50-->[:rn-fetch-blob] AndroidManifest.xml:19:5-68
50-->[:rn-fetch-blob] AndroidManifest.xml:19:22-65
51    <uses-permission android:name="android.permission.WRITE_EXTERNAL_STORAGE" /> <!-- Required by older versions of Google Play services to create IID tokens -->
51-->[:rn-fetch-blob] AndroidManifest.xml:31:5-81
51-->[:rn-fetch-blob] AndroidManifest.xml:31:22-78
52    <uses-permission android:name="com.google.android.c2dm.permission.RECEIVE" />
52-->[com.google.firebase:firebase-messaging:21.1.0] AndroidManifest.xml:25:5-82
52-->[com.google.firebase:firebase-messaging:21.1.0] AndroidManifest.xml:25:22-79
53
54    <uses-permission-sdk-23 android:name="android.permission.ACCESS_COARSE_LOCATION" /> <!-- for android -->
54-->[com.github.Polidea:MultiPlatformBleAdapter:b0272c0fae040cc90f790481c54e8f2d45304339] AndroidManifest.xml:14:5-88
54-->[com.github.Polidea:MultiPlatformBleAdapter:b0272c0fae040cc90f790481c54e8f2d45304339] AndroidManifest.xml:14:29-85
55    <!-- <uses-permission android:name="com.android.launcher.permission.READ_SETTINGS"/> -->
56    <!-- <uses-permission android:name="com.android.launcher.permission.WRITE_SETTINGS"/> -->
57    <!-- <uses-permission android:name="com.android.launcher.permission.INSTALL_SHORTCUT" /> -->
58    <!-- <uses-permission android:name="com.android.launcher.permission.UNINSTALL_SHORTCUT" /> -->
59    <!-- for Samsung -->
60    <uses-permission android:name="com.sec.android.provider.badge.permission.READ" />
60-->[me.leolin:ShortcutBadger:1.1.22] AndroidManifest.xml:19:5-86
60-->[me.leolin:ShortcutBadger:1.1.22] AndroidManifest.xml:19:22-83
61    <uses-permission android:name="com.sec.android.provider.badge.permission.WRITE" /> <!-- for htc -->
61-->[me.leolin:ShortcutBadger:1.1.22] AndroidManifest.xml:20:5-87
61-->[me.leolin:ShortcutBadger:1.1.22] AndroidManifest.xml:20:22-84
62    <uses-permission android:name="com.htc.launcher.permission.READ_SETTINGS" />
62-->[me.leolin:ShortcutBadger:1.1.22] AndroidManifest.xml:23:5-81
62-->[me.leolin:ShortcutBadger:1.1.22] AndroidManifest.xml:23:22-78
63    <uses-permission android:name="com.htc.launcher.permission.UPDATE_SHORTCUT" /> <!-- for sony -->
63-->[me.leolin:ShortcutBadger:1.1.22] AndroidManifest.xml:24:5-83
63-->[me.leolin:ShortcutBadger:1.1.22] AndroidManifest.xml:24:22-80
64    <uses-permission android:name="com.sonyericsson.home.permission.BROADCAST_BADGE" />
64-->[me.leolin:ShortcutBadger:1.1.22] AndroidManifest.xml:27:5-88
64-->[me.leolin:ShortcutBadger:1.1.22] AndroidManifest.xml:27:22-85
65    <uses-permission android:name="com.sonymobile.home.permission.PROVIDER_INSERT_BADGE" /> <!-- for apex -->
65-->[me.leolin:ShortcutBadger:1.1.22] AndroidManifest.xml:28:5-92
65-->[me.leolin:ShortcutBadger:1.1.22] AndroidManifest.xml:28:22-89
66    <uses-permission android:name="com.anddoes.launcher.permission.UPDATE_COUNT" /> <!-- for solid -->
66-->[me.leolin:ShortcutBadger:1.1.22] AndroidManifest.xml:31:5-84
66-->[me.leolin:ShortcutBadger:1.1.22] AndroidManifest.xml:31:22-81
67    <uses-permission android:name="com.majeur.launcher.permission.UPDATE_BADGE" /> <!-- for huawei -->
67-->[me.leolin:ShortcutBadger:1.1.22] AndroidManifest.xml:34:5-83
67-->[me.leolin:ShortcutBadger:1.1.22] AndroidManifest.xml:34:22-80
68    <uses-permission android:name="com.huawei.android.launcher.permission.CHANGE_BADGE" />
68-->[me.leolin:ShortcutBadger:1.1.22] AndroidManifest.xml:37:5-91
68-->[me.leolin:ShortcutBadger:1.1.22] AndroidManifest.xml:37:22-88
69    <uses-permission android:name="com.huawei.android.launcher.permission.READ_SETTINGS" />
69-->[me.leolin:ShortcutBadger:1.1.22] AndroidManifest.xml:38:5-92
69-->[me.leolin:ShortcutBadger:1.1.22] AndroidManifest.xml:38:22-89
70    <uses-permission android:name="com.huawei.android.launcher.permission.WRITE_SETTINGS" /> <!-- for ZUK -->
70-->[me.leolin:ShortcutBadger:1.1.22] AndroidManifest.xml:39:5-93
70-->[me.leolin:ShortcutBadger:1.1.22] AndroidManifest.xml:39:22-90
71    <uses-permission android:name="android.permission.READ_APP_BADGE" /> <!-- for OPPO -->
71-->[me.leolin:ShortcutBadger:1.1.22] AndroidManifest.xml:42:5-73
71-->[me.leolin:ShortcutBadger:1.1.22] AndroidManifest.xml:42:22-70
72    <uses-permission android:name="com.oppo.launcher.permission.READ_SETTINGS" />
72-->[me.leolin:ShortcutBadger:1.1.22] AndroidManifest.xml:45:5-82
72-->[me.leolin:ShortcutBadger:1.1.22] AndroidManifest.xml:45:22-79
73    <uses-permission android:name="com.oppo.launcher.permission.WRITE_SETTINGS" /> <!-- for EvMe -->
73-->[me.leolin:ShortcutBadger:1.1.22] AndroidManifest.xml:46:5-83
73-->[me.leolin:ShortcutBadger:1.1.22] AndroidManifest.xml:46:22-80
74    <uses-permission android:name="me.everything.badger.permission.BADGE_COUNT_READ" />
74-->[me.leolin:ShortcutBadger:1.1.22] AndroidManifest.xml:49:5-88
74-->[me.leolin:ShortcutBadger:1.1.22] AndroidManifest.xml:49:22-85
75    <uses-permission android:name="me.everything.badger.permission.BADGE_COUNT_WRITE" /> <!-- End bluetooth permissions -->
75-->[me.leolin:ShortcutBadger:1.1.22] AndroidManifest.xml:50:5-89
75-->[me.leolin:ShortcutBadger:1.1.22] AndroidManifest.xml:50:22-86
76    <application
76-->src\main\AndroidManifest.xml:14:3-33:17
77        android:name="com.mobileapp.MainApplication"
77-->src\main\AndroidManifest.xml:15:5-36
78        android:allowBackup="false"
78-->src\main\AndroidManifest.xml:19:5-32
79        android:appComponentFactory="androidx.core.app.CoreComponentFactory"
79-->[androidx.core:core:1.7.0] AndroidManifest.xml:24:18-86
80        android:debuggable="true"
81        android:icon="@mipmap/ic_launcher"
81-->src\main\AndroidManifest.xml:17:5-39
82        android:label="@string/app_name"
82-->src\main\AndroidManifest.xml:16:5-37
83        android:roundIcon="@mipmap/ic_launcher_round"
83-->src\main\AndroidManifest.xml:18:5-50
84        android:theme="@style/AppTheme"
84-->src\main\AndroidManifest.xml:20:5-36
85        android:usesCleartextTraffic="true" >
85-->src\debug\AndroidManifest.xml:24:9-44
86        <activity
86-->src\debug\AndroidManifest.xml:27:9-28:40
87            android:name="com.facebook.react.devsupport.DevSettingsActivity"
87-->src\debug\AndroidManifest.xml:27:19-83
88            android:exported="false" />
88-->src\debug\AndroidManifest.xml:28:13-37
89        <activity
89-->src\main\AndroidManifest.xml:21:5-32:16
90            android:name="com.mobileapp.MainActivity"
90-->src\main\AndroidManifest.xml:22:7-35
91            android:configChanges="keyboard|keyboardHidden|orientation|screenLayout|screenSize|smallestScreenSize|uiMode"
91-->src\main\AndroidManifest.xml:24:7-116
92            android:exported="true"
92-->src\main\AndroidManifest.xml:27:7-30
93            android:label="@string/app_name"
93-->src\main\AndroidManifest.xml:23:7-39
94            android:launchMode="singleTask"
94-->src\main\AndroidManifest.xml:25:7-38
95            android:windowSoftInputMode="adjustResize" >
95-->src\main\AndroidManifest.xml:26:7-49
96            <intent-filter>
96-->src\main\AndroidManifest.xml:28:7-31:23
97                <action android:name="android.intent.action.MAIN" />
97-->src\main\AndroidManifest.xml:29:9-61
97-->src\main\AndroidManifest.xml:29:17-58
98
99                <category android:name="android.intent.category.LAUNCHER" />
99-->src\main\AndroidManifest.xml:30:9-69
99-->src\main\AndroidManifest.xml:30:19-66
100            </intent-filter>
101        </activity>
102
103        <provider
103-->[:react-native-image-picker] AndroidManifest.xml:10:9-18:20
104            android:name="com.imagepicker.ImagePickerProvider"
104-->[:react-native-image-picker] AndroidManifest.xml:11:13-63
105            android:authorities="com.mobileapp.imagepickerprovider"
105-->[:react-native-image-picker] AndroidManifest.xml:12:13-71
106            android:exported="false"
106-->[:react-native-image-picker] AndroidManifest.xml:13:13-37
107            android:grantUriPermissions="true" >
107-->[:react-native-image-picker] AndroidManifest.xml:14:13-47
108            <meta-data
108-->[:react-native-image-picker] AndroidManifest.xml:15:13-17:70
109                android:name="android.support.FILE_PROVIDER_PATHS"
109-->[:react-native-image-picker] AndroidManifest.xml:16:17-67
110                android:resource="@xml/imagepicker_provider_paths" />
110-->[:react-native-image-picker] AndroidManifest.xml:17:17-67
111        </provider>
112        <provider
112-->[:rn-fetch-blob] AndroidManifest.xml:34:9-42:20
113            android:name="com.RNFetchBlob.Utils.FileProvider"
113-->[:rn-fetch-blob] AndroidManifest.xml:35:13-62
114            android:authorities="com.mobileapp.provider"
114-->[:rn-fetch-blob] AndroidManifest.xml:36:13-60
115            android:exported="false"
115-->[:rn-fetch-blob] AndroidManifest.xml:37:13-37
116            android:grantUriPermissions="true" >
116-->[:rn-fetch-blob] AndroidManifest.xml:38:13-47
117            <meta-data
117-->[:react-native-image-picker] AndroidManifest.xml:15:13-17:70
118                android:name="android.support.FILE_PROVIDER_PATHS"
118-->[:react-native-image-picker] AndroidManifest.xml:16:17-67
119                android:resource="@xml/provider_paths" />
119-->[:react-native-image-picker] AndroidManifest.xml:17:17-67
120        </provider>
121
122        <receiver
122-->[com.google.firebase:firebase-messaging:21.1.0] AndroidManifest.xml:28:9-35:20
123            android:name="com.google.firebase.iid.FirebaseInstanceIdReceiver"
123-->[com.google.firebase:firebase-messaging:21.1.0] AndroidManifest.xml:29:13-78
124            android:exported="true"
124-->[com.google.firebase:firebase-messaging:21.1.0] AndroidManifest.xml:30:13-36
125            android:permission="com.google.android.c2dm.permission.SEND" >
125-->[com.google.firebase:firebase-messaging:21.1.0] AndroidManifest.xml:31:13-73
126            <intent-filter>
126-->[com.google.firebase:firebase-messaging:21.1.0] AndroidManifest.xml:32:13-34:29
127                <action android:name="com.google.android.c2dm.intent.RECEIVE" />
127-->[com.google.firebase:firebase-messaging:21.1.0] AndroidManifest.xml:33:17-81
127-->[com.google.firebase:firebase-messaging:21.1.0] AndroidManifest.xml:33:25-78
128            </intent-filter>
129        </receiver>
130        <!--
131             FirebaseMessagingService performs security checks at runtime,
132             but set to not exported to explicitly avoid allowing another app to call it.
133        -->
134        <service
134-->[com.google.firebase:firebase-messaging:21.1.0] AndroidManifest.xml:41:9-48:19
135            android:name="com.google.firebase.messaging.FirebaseMessagingService"
135-->[com.google.firebase:firebase-messaging:21.1.0] AndroidManifest.xml:42:13-82
136            android:directBootAware="true"
136-->[com.google.firebase:firebase-messaging:21.1.0] AndroidManifest.xml:43:13-43
137            android:exported="false" >
137-->[com.google.firebase:firebase-messaging:21.1.0] AndroidManifest.xml:44:13-37
138            <intent-filter android:priority="-500" >
138-->[com.google.firebase:firebase-messaging:21.1.0] AndroidManifest.xml:45:13-47:29
138-->[com.google.firebase:firebase-messaging:21.1.0] AndroidManifest.xml:45:28-51
139                <action android:name="com.google.firebase.MESSAGING_EVENT" />
139-->[com.google.firebase:firebase-messaging:21.1.0] AndroidManifest.xml:46:17-78
139-->[com.google.firebase:firebase-messaging:21.1.0] AndroidManifest.xml:46:25-75
140            </intent-filter>
141        </service>
142        <service
142-->[com.google.firebase:firebase-messaging:21.1.0] AndroidManifest.xml:49:9-55:19
143            android:name="com.google.firebase.components.ComponentDiscoveryService"
143-->[com.google.firebase:firebase-messaging:21.1.0] AndroidManifest.xml:50:13-84
144            android:directBootAware="true"
144-->[com.google.firebase:firebase-common:19.5.0] AndroidManifest.xml:35:13-43
145            android:exported="false" >
145-->[com.google.firebase:firebase-messaging:21.1.0] AndroidManifest.xml:51:13-37
146            <meta-data
146-->[com.google.firebase:firebase-messaging:21.1.0] AndroidManifest.xml:52:13-54:85
147                android:name="com.google.firebase.components:com.google.firebase.messaging.FirebaseMessagingRegistrar"
147-->[com.google.firebase:firebase-messaging:21.1.0] AndroidManifest.xml:53:17-119
148                android:value="com.google.firebase.components.ComponentRegistrar" />
148-->[com.google.firebase:firebase-messaging:21.1.0] AndroidManifest.xml:54:17-82
149            <meta-data
149-->[com.google.firebase:firebase-iid:21.1.0] AndroidManifest.xml:32:13-34:85
150                android:name="com.google.firebase.components:com.google.firebase.iid.Registrar"
150-->[com.google.firebase:firebase-iid:21.1.0] AndroidManifest.xml:33:17-96
151                android:value="com.google.firebase.components.ComponentRegistrar" />
151-->[com.google.firebase:firebase-iid:21.1.0] AndroidManifest.xml:34:17-82
152            <meta-data
152-->[com.google.firebase:firebase-datatransport:17.0.10] AndroidManifest.xml:28:13-30:85
153                android:name="com.google.firebase.components:com.google.firebase.datatransport.TransportRegistrar"
153-->[com.google.firebase:firebase-datatransport:17.0.10] AndroidManifest.xml:29:17-115
154                android:value="com.google.firebase.components.ComponentRegistrar" />
154-->[com.google.firebase:firebase-datatransport:17.0.10] AndroidManifest.xml:30:17-82
155            <meta-data
155-->[com.google.firebase:firebase-installations:16.3.5] AndroidManifest.xml:18:13-20:85
156                android:name="com.google.firebase.components:com.google.firebase.installations.FirebaseInstallationsRegistrar"
156-->[com.google.firebase:firebase-installations:16.3.5] AndroidManifest.xml:19:17-127
157                android:value="com.google.firebase.components.ComponentRegistrar" />
157-->[com.google.firebase:firebase-installations:16.3.5] AndroidManifest.xml:20:17-82
158            <!--
159                This registrar is not defined in the dynamic-module-support sdk itself to allow non-firebase
160                clients to use it as well, by defining this registrar in their own core/common library.
161            -->
162            <meta-data
162-->[com.google.firebase:firebase-common:19.5.0] AndroidManifest.xml:43:13-45:85
163                android:name="com.google.firebase.components:com.google.firebase.dynamicloading.DynamicLoadingRegistrar"
163-->[com.google.firebase:firebase-common:19.5.0] AndroidManifest.xml:44:17-121
164                android:value="com.google.firebase.components.ComponentRegistrar" />
164-->[com.google.firebase:firebase-common:19.5.0] AndroidManifest.xml:45:17-82
165        </service>
166
167        <provider
167-->[com.google.firebase:firebase-common:19.5.0] AndroidManifest.xml:26:9-31:39
168            android:name="com.google.firebase.provider.FirebaseInitProvider"
168-->[com.google.firebase:firebase-common:19.5.0] AndroidManifest.xml:27:13-77
169            android:authorities="com.mobileapp.firebaseinitprovider"
169-->[com.google.firebase:firebase-common:19.5.0] AndroidManifest.xml:28:13-72
170            android:directBootAware="true"
170-->[com.google.firebase:firebase-common:19.5.0] AndroidManifest.xml:29:13-43
171            android:exported="false"
171-->[com.google.firebase:firebase-common:19.5.0] AndroidManifest.xml:30:13-37
172            android:initOrder="100" />
172-->[com.google.firebase:firebase-common:19.5.0] AndroidManifest.xml:31:13-36
173
174        <meta-data
174-->[com.google.android.gms:play-services-basement:17.0.0] AndroidManifest.xml:23:9-25:69
175            android:name="com.google.android.gms.version"
175-->[com.google.android.gms:play-services-basement:17.0.0] AndroidManifest.xml:24:13-58
176            android:value="@integer/google_play_services_version" />
176-->[com.google.android.gms:play-services-basement:17.0.0] AndroidManifest.xml:25:13-66
177
178        <provider
178-->[androidx.emoji2:emoji2:1.0.0] AndroidManifest.xml:26:9-34:20
179            android:name="androidx.startup.InitializationProvider"
179-->[androidx.emoji2:emoji2:1.0.0] AndroidManifest.xml:27:13-67
180            android:authorities="com.mobileapp.androidx-startup"
180-->[androidx.emoji2:emoji2:1.0.0] AndroidManifest.xml:28:13-68
181            android:exported="false" >
181-->[androidx.emoji2:emoji2:1.0.0] AndroidManifest.xml:29:13-37
182            <meta-data
182-->[androidx.emoji2:emoji2:1.0.0] AndroidManifest.xml:31:13-33:52
183                android:name="androidx.emoji2.text.EmojiCompatInitializer"
183-->[androidx.emoji2:emoji2:1.0.0] AndroidManifest.xml:32:17-75
184                android:value="androidx.startup" />
184-->[androidx.emoji2:emoji2:1.0.0] AndroidManifest.xml:33:17-49
185            <meta-data
185-->[androidx.lifecycle:lifecycle-process:2.4.0] AndroidManifest.xml:31:13-33:52
186                android:name="androidx.lifecycle.ProcessLifecycleInitializer"
186-->[androidx.lifecycle:lifecycle-process:2.4.0] AndroidManifest.xml:32:17-78
187                android:value="androidx.startup" />
187-->[androidx.lifecycle:lifecycle-process:2.4.0] AndroidManifest.xml:33:17-49
188        </provider>
189
190        <service
190-->[com.google.android.datatransport:transport-backend-cct:2.3.3] AndroidManifest.xml:29:9-35:19
191            android:name="com.google.android.datatransport.runtime.backends.TransportBackendDiscovery"
191-->[com.google.android.datatransport:transport-backend-cct:2.3.3] AndroidManifest.xml:30:13-103
192            android:exported="false" >
192-->[com.google.android.datatransport:transport-backend-cct:2.3.3] AndroidManifest.xml:31:13-37
193            <meta-data
193-->[com.google.android.datatransport:transport-backend-cct:2.3.3] AndroidManifest.xml:32:13-34:39
194                android:name="backend:com.google.android.datatransport.cct.CctBackendFactory"
194-->[com.google.android.datatransport:transport-backend-cct:2.3.3] AndroidManifest.xml:33:17-94
195                android:value="cct" />
195-->[com.google.android.datatransport:transport-backend-cct:2.3.3] AndroidManifest.xml:34:17-36
196        </service>
197        <service
197-->[com.google.android.datatransport:transport-runtime:2.2.5] AndroidManifest.xml:26:9-30:19
198            android:name="com.google.android.datatransport.runtime.scheduling.jobscheduling.JobInfoSchedulerService"
198-->[com.google.android.datatransport:transport-runtime:2.2.5] AndroidManifest.xml:27:13-117
199            android:exported="false"
199-->[com.google.android.datatransport:transport-runtime:2.2.5] AndroidManifest.xml:28:13-37
200            android:permission="android.permission.BIND_JOB_SERVICE" >
200-->[com.google.android.datatransport:transport-runtime:2.2.5] AndroidManifest.xml:29:13-69
201        </service>
202
203        <receiver
203-->[com.google.android.datatransport:transport-runtime:2.2.5] AndroidManifest.xml:32:9-34:40
204            android:name="com.google.android.datatransport.runtime.scheduling.jobscheduling.AlarmManagerSchedulerBroadcastReceiver"
204-->[com.google.android.datatransport:transport-runtime:2.2.5] AndroidManifest.xml:33:13-132
205            android:exported="false" />
205-->[com.google.android.datatransport:transport-runtime:2.2.5] AndroidManifest.xml:34:13-37
206    </application>
207
208</manifest>